[0.026s] Invoking command in '/home/danny/gz_ws/src/ardupilot_gazebo/build/ardupilot_gazebo': CMAKE_PREFIX_PATH=${CMAKE_PREFIX_PATH}:/opt/ros/humble /usr/bin/cmake /home/danny/gz_ws/src/ardupilot_gazebo -DCMAKE_INSTALL_PREFIX=/home/danny/gz_ws/src/ardupilot_gazebo/install/ardupilot_gazebo
[0.226s] -- The C compiler identification is GNU 11.4.0
[0.436s] -- The CXX compiler identification is GNU 11.4.0
[0.491s] -- Detecting C compiler ABI info
[0.701s] -- Detecting C compiler ABI info - done
[0.717s] -- Check for working C compiler: /usr/lib/ccache/cc - skipped
[0.717s] -- Detecting C compile features
[0.734s] -- Detecting C compile features - done
[0.741s] -- Detecting CXX compiler ABI info
[0.939s] -- Detecting CXX compiler ABI info - done
[0.955s] -- Check for working CXX compiler: /usr/lib/ccache/c++ - skipped
[0.955s] -- Detecting CXX compile features
[0.957s] -- Detecting CXX compile features - done
[1.487s] -- Found Python3: /usr/bin/python3 (found version "3.10.12") found components: Interpreter 
[1.716s] [0mBuilding ardupilot_gazebo as an `ament_cmake` project.[0m
[1.829s] -- Looking for gz-common5 -- found version 5.6.0
[1.831s] -- Searching for dependencies of gz-common5
[1.859s] -- Looking for gz-utils2 -- found version 2.2.0
[1.860s] -- Searching for dependencies of gz-utils2
[1.937s] -- Looking for dlfcn.h - found
[1.950s] -- Looking for libdl - found
[1.952s] -- Found DL: TRUE  
[1.964s] -- Checking for module 'uuid'
[2.055s] --   Found uuid, version 2.37.2
[2.122s] -- Found UUID: TRUE  
[2.124s] -- Looking for gz-common5 - found
[2.125s] 
[2.186s] -- Looking for gz-rendering7 -- found version 7.4.2
[2.187s] -- Searching for dependencies of gz-rendering7
[2.231s] -- Looking for gz-math7 -- found version 7.5.0
[2.231s] -- Searching for dependencies of gz-math7
[2.231s] -- Looking for gz-utils2 -- found version 2.2.0
[2.232s] -- Searching for <gz-math7> component [eigen3]
[2.240s] -- Looking for gz-math7-eigen3 -- found version 7.5.0
[2.241s] -- Searching for dependencies of gz-math7-eigen3
[2.284s] -- Looking for gz-common5 -- found version 5.6.0
[2.285s] -- Searching for dependencies of gz-common5
[2.286s] -- Looking for gz-utils2 -- found version 2.2.0
[2.286s] -- Looking for dlfcn.h - found
[2.286s] -- Looking for libdl - found
[2.298s] -- Searching for <gz-common5> component [graphics]
[2.342s] -- Looking for gz-common5-graphics -- found version 5.6.0
[2.343s] -- Searching for dependencies of gz-common5-graphics
[2.343s] -- Looking for gz-math7 -- found version 7.5.0
[2.385s] -- Found GzAssimp: TRUE (found version "5.2.0") 
[2.387s] -- Searching for <gz-common5> component [events]
[2.414s] -- Looking for gz-common5-events -- found version 5.6.0
[2.415s] -- Searching for dependencies of gz-common5-events
[2.416s] -- Looking for gz-math7 -- found version 7.5.0
[2.419s] -- Searching for <gz-common5> component [geospatial]
[2.451s] -- Looking for gz-common5-geospatial -- found version 5.6.0
[2.452s] -- Searching for dependencies of gz-common5-geospatial
[2.452s] -- Looking for gz-math7 -- found version 7.5.0
[2.453s] -- Looking for gz-common5 -- found version 5.6.0
[2.471s] -- Looking for gz-plugin2 -- found version 2.0.3
[2.473s] -- Searching for dependencies of gz-plugin2
[2.474s] -- Looking for gz-utils2 -- found version 2.2.0
[2.475s] -- Searching for dependencies of gz-utils2
[2.476s] -- Searching for <gz-utils2> component [cli]
[2.505s] -- Looking for gz-utils2-cli -- found version 2.2.0
[2.506s] -- Searching for dependencies of gz-utils2-cli
[2.508s] -- Searching for <gz-plugin2> component [all]
[2.517s] -- Looking for all libraries of gz-plugin2 -- found version 2.0.3
[2.518s] -- Looking for gz-plugin2 -- found version 2.0.3
[2.525s] -- Looking for gz-plugin2-loader -- found version 2.0.3
[2.525s] -- Searching for dependencies of gz-plugin2-loader
[2.557s] -- Looking for gz-plugin2-register -- found version 2.0.3
[2.557s] -- Searching for dependencies of gz-plugin2-register
[2.561s] -- Looking for gz-utils2 -- found version 2.2.0
[2.634s] -- Found OpenGL: /usr/lib/x86_64-linux-gnu/libOpenGL.so  found components: OpenGL 
[2.645s] -- Looking for gz-rendering7 - found
[2.645s] 
[2.678s] -- Looking for gz-sim7 -- found version 7.8.0
[2.679s] -- Searching for dependencies of gz-sim7
[2.722s] -- Looking for sdformat13 -- found version 13.8.0
[2.722s] -- Searching for dependencies of sdformat13
[2.752s] -- Checking for module 'tinyxml2'
[2.822s] --   Found tinyxml2, version 9.0.0
[2.896s] -- Looking for gz-math7 -- found version 7.5.0
[2.897s] -- Looking for gz-utils2 -- found version 2.2.0
[2.901s] -- Looking for gz-plugin2 -- found version 2.0.3
[2.922s] -- Looking for gz-transport12 -- found version 12.2.1
[2.923s] -- Searching for dependencies of gz-transport12
[3.539s] -- Found Protobuf: /usr/lib/x86_64-linux-gnu/libprotobuf.so (found version "3.12.4") 
[3.580s] -- Config-file not installed for ZeroMQ -- checking for pkg-config
[3.589s] -- Checking for module 'libzmq >= 4'
[3.697s] --   Found libzmq , version 4.3.4
[3.780s] -- Found ZeroMQ: TRUE (Required is at least version "4") 
[3.807s] -- Looking for gz-utils2 -- found version 2.2.0
[3.843s] -- Looking for gz-msgs9 -- found version 9.5.0
[3.844s] -- Searching for dependencies of gz-msgs9
[3.883s] -- Looking for gz-math7 -- found version 7.5.0
[3.896s] -- Searching for <gz-transport12> component [log]
[3.907s] -- Looking for gz-transport12-log -- found version 12.2.1
[3.908s] -- Searching for dependencies of gz-transport12-log
[3.909s] -- Searching for <gz-transport12> component [parameters]
[3.917s] -- Looking for gz-transport12-parameters -- found version 12.2.1
[3.918s] -- Searching for dependencies of gz-transport12-parameters
[3.920s] -- Looking for gz-msgs9 -- found version 9.5.0
[3.921s] -- Looking for gz-common5 -- found version 5.6.0
[3.922s] -- Searching for dependencies of gz-common5
[3.923s] -- Looking for gz-utils2 -- found version 2.2.0
[3.923s] -- Looking for dlfcn.h - found
[3.923s] -- Looking for libdl - found
[3.939s] -- Searching for <gz-common5> component [profiler]
[3.954s] -- Looking for gz-common5-profiler -- found version 5.6.0
[3.955s] -- Searching for dependencies of gz-common5-profiler
[3.956s] -- Searching for <gz-common5> component [events]
[3.957s] -- Searching for <gz-common5> component [av]
[4.058s] -- Looking for gz-common5-av -- found version 5.6.0
[4.059s] -- Searching for dependencies of gz-common5-av
[4.083s] -- Checking for module 'libswscale'
[4.132s] --   Found libswscale, version 5.9.100
[4.208s] -- Found SWSCALE: TRUE  
[4.220s] -- Checking for module 'libavdevice >= 56.4.100'
[4.292s] --   Found libavdevice , version 58.13.100
[4.376s] -- Found AVDEVICE: TRUE (Required is at least version "56.4.100") 
[4.387s] -- Checking for module 'libavformat'
[4.421s] --   Found libavformat, version 58.76.100
[4.501s] -- Found AVFORMAT: TRUE  
[4.514s] -- Checking for module 'libavcodec'
[4.540s] --   Found libavcodec, version 58.134.100
[4.616s] -- Found AVCODEC: TRUE  
[4.628s] -- Checking for module 'libavutil'
[4.656s] --   Found libavutil, version 56.70.100
[4.727s] -- Found AVUTIL: TRUE  
[4.729s] -- Searching for <gz-common5> component [io]
[4.757s] -- Looking for gz-common5-io -- found version 5.6.0
[4.758s] -- Searching for dependencies of gz-common5-io
[4.767s] Invoked command in '/home/danny/gz_ws/src/ardupilot_gazebo/build/ardupilot_gazebo' returned '-2': CMAKE_PREFIX_PATH=${CMAKE_PREFIX_PATH}:/opt/ros/humble /usr/bin/cmake /home/danny/gz_ws/src/ardupilot_gazebo -DCMAKE_INSTALL_PREFIX=/home/danny/gz_ws/src/ardupilot_gazebo/install/ardupilot_gazebo
[4.830s] Traceback (most recent call last):
  File "/usr/lib/python3/dist-packages/colcon_parallel_executor/executor/parallel.py", line 75, in execute
    loop.run_until_complete(future)
  File "/usr/lib/python3.10/asyncio/base_events.py", line 636, in run_until_complete
    self.run_forever()
  File "/usr/lib/python3.10/asyncio/base_events.py", line 603, in run_forever
    self._run_once()
  File "/usr/lib/python3.10/asyncio/base_events.py", line 1871, in _run_once
    event_list = self._selector.select(timeout)
  File "/usr/lib/python3.10/selectors.py", line 469, in select
    fd_event_list = self._selector.poll(timeout, max_ev)
KeyboardInterrupt

During handling of the above exception, another exception occurred:

Traceback (most recent call last):
  File "/usr/lib/python3/dist-packages/colcon_core/executor/__init__.py", line 91, in __call__
    rc = await self.task(*args, **kwargs)
  File "/usr/lib/python3/dist-packages/colcon_core/task/__init__.py", line 93, in __call__
    return await task_method(*args, **kwargs)
  File "/usr/lib/python3/dist-packages/colcon_ros/task/ament_cmake/build.py", line 59, in build
    rc = await extension.build(
  File "/usr/lib/python3/dist-packages/colcon_cmake/task/cmake/build.py", line 87, in build
    rc = await self._reconfigure(args, env)
  File "/usr/lib/python3/dist-packages/colcon_cmake/task/cmake/build.py", line 182, in _reconfigure
    buildfile = get_buildfile(cmake_cache)
  File "/usr/lib/python3/dist-packages/colcon_cmake/task/cmake/__init__.py", line 114, in get_buildfile
    if 'Visual Studio' in generator:
TypeError: argument of type 'NoneType' is not iterable
