[0.000000] (-) TimerEvent: {}
[0.000866] (ardupilot_gazebo) JobQueued: {'identifier': 'ardupilot_gazebo', 'dependencies': OrderedDict()}
[0.001967] (ardupilot_gazebo) JobStarted: {'identifier': 'ardupilot_gazebo'}
[0.026017] (ardupilot_gazebo) JobProgress: {'identifier': 'ardupilot_gazebo', 'progress': 'cmake'}
[0.026398] (ardupilot_gazebo) Command: {'cmd': ['/usr/bin/cmake', '/home/danny/gz_ws/src/ardupilot_gazebo', '-DCMAKE_INSTALL_PREFIX=/home/danny/gz_ws/src/ardupilot_gazebo/install/ardupilot_gazebo'], 'cwd': '/home/danny/gz_ws/src/ardupilot_gazebo/build/ardupilot_gazebo', 'env': OrderedDict([('GZ_SIM_SYSTEM_PLUGIN_PATH', '/home/danny/gz_ws/src/ardupilot_gazebo/build:'), ('GJS_DEBUG_TOPICS', 'JS ERROR;JS LOG'), ('LESSOPEN', '| /usr/bin/lesspipe %s'), ('GZ_SIM_RESOURCE_PATH', '/home/danny/gz_ws/src/ardupilot_gazebo/models:/home/danny/gz_ws/src/ardupilot_gazebo/worlds:'), ('USER', 'danny'), ('XDG_SESSION_TYPE', 'x11'), ('GIT_ASKPASS', '/snap/code/167/usr/share/code/resources/app/extensions/git/dist/askpass.sh'), ('SHLVL', '1'), ('LD_LIBRARY_PATH', '/home/danny/gz_bridge_ws/install/ros_ign_interfaces/lib:/home/danny/gz_bridge_ws/install/ros_gz_sim/lib:/home/danny/gz_bridge_ws/install/ros_gz_bridge/lib:/home/danny/gz_bridge_ws/install/ros_gz_interfaces/lib:/opt/ros/humble/opt/rviz_ogre_vendor/lib:/opt/ros/humble/lib/x86_64-linux-gnu:/opt/ros/humble/lib'), ('HOME', '/home/danny'), ('CHROME_DESKTOP', 'code-url-handler.desktop'), ('TERM_PROGRAM_VERSION', '1.92.2'), ('DESKTOP_SESSION', 'ubuntu'), ('GIO_LAUNCHED_DESKTOP_FILE', '/var/lib/snapd/desktop/applications/code_code.desktop'), ('ROS_PYTHON_VERSION', '3'), ('GNOME_SHELL_SESSION_MODE', 'ubuntu'), ('GTK_MODULES', 'gail:atk-bridge'), ('VSCODE_GIT_ASKPASS_MAIN', '/snap/code/167/usr/share/code/resources/app/extensions/git/dist/askpass-main.js'), ('VSCODE_GIT_ASKPASS_NODE', '/snap/code/167/usr/share/code/code'), ('MANAGERPID', '1104'), ('SYSTEMD_EXEC_PID', '1549'), ('DBUS_SESSION_BUS_ADDRESS', 'unix:path=/run/user/1000/bus'), ('COLORTERM', 'truecolor'), ('GIO_LAUNCHED_DESKTOP_FILE_PID', '437117'), ('COLCON_PREFIX_PATH', '/home/danny/gz_bridge_ws/install'), ('ROS_DISTRO', 'humble'), ('GTK_IM_MODULE', 'ibus'), ('LOGNAME', 'danny'), ('JOURNAL_STREAM', '8:18328'), ('_', '/usr/bin/colcon'), ('ROS_VERSION', '2'), ('XDG_CONFIG_DIRS_VSCODE_SNAP_ORIG', '/etc/xdg/xdg-ubuntu:/etc/xdg'), ('XDG_SESSION_CLASS', 'user'), ('XDG_DATA_DIRS_VSCODE_SNAP_ORIG', '/usr/share/ubuntu:/usr/share/gnome:/usr/local/share/:/usr/share/:/var/lib/snapd/desktop'), ('USERNAME', 'danny'), ('TERM', 'xterm-256color'), ('GNOME_DESKTOP_SESSION_ID', 'this-is-deprecated'), ('ROS_LOCALHOST_ONLY', '0'), ('WINDOWPATH', '2'), ('PATH', '/usr/lib/ccache:/home/danny/ardupilot/Tools/autotest:/opt/gcc-arm-none-eabi-10-2020-q4-major/bin:/opt/ros/humble/bin:/usr/lib/ccache:/home/danny/ardupilot/Tools/autotest:/opt/gcc-arm-none-eabi-10-2020-q4-major/bin:/home/danny/.local/bin:/usr/local/sbin:/usr/local/bin:/usr/sbin:/usr/bin:/sbin:/bin:/usr/games:/usr/local/games:/snap/bin:/snap/bin'), ('SESSION_MANAGER', 'local/danny-System-Product-Name:@/tmp/.ICE-unix/1523,unix/danny-System-Product-Name:/tmp/.ICE-unix/1523'), ('INVOCATION_ID', '1d1b121ab3254019b125fa50ca1878f6'), ('XDG_MENU_PREFIX', 'gnome-'), ('BAMF_DESKTOP_FILE_HINT', '/var/lib/snapd/desktop/applications/code_code.desktop'), ('XDG_RUNTIME_DIR', '/run/user/1000'), ('DISPLAY', ':0'), ('LANG', 'en_US.UTF-8'), ('XDG_CURRENT_DESKTOP', 'Unity'), ('XMODIFIERS', '@im=ibus'), ('XDG_SESSION_DESKTOP', 'ubuntu'), ('XAUTHORITY', '/run/user/1000/gdm/Xauthority'), ('LS_COLORS', 'rs=0:di=01;34:ln=01;36:mh=00:pi=40;33:so=01;35:do=01;35:bd=40;33;01:cd=40;33;01:or=40;31;01:mi=00:su=37;41:sg=30;43:ca=30;41:tw=30;42:ow=34;42:st=37;44:ex=01;32:*.tar=01;31:*.tgz=01;31:*.arc=01;31:*.arj=01;31:*.taz=01;31:*.lha=01;31:*.lz4=01;31:*.lzh=01;31:*.lzma=01;31:*.tlz=01;31:*.txz=01;31:*.tzo=01;31:*.t7z=01;31:*.zip=01;31:*.z=01;31:*.dz=01;31:*.gz=01;31:*.lrz=01;31:*.lz=01;31:*.lzo=01;31:*.xz=01;31:*.zst=01;31:*.tzst=01;31:*.bz2=01;31:*.bz=01;31:*.tbz=01;31:*.tbz2=01;31:*.tz=01;31:*.deb=01;31:*.rpm=01;31:*.jar=01;31:*.war=01;31:*.ear=01;31:*.sar=01;31:*.rar=01;31:*.alz=01;31:*.ace=01;31:*.zoo=01;31:*.cpio=01;31:*.7z=01;31:*.rz=01;31:*.cab=01;31:*.wim=01;31:*.swm=01;31:*.dwm=01;31:*.esd=01;31:*.jpg=01;35:*.jpeg=01;35:*.mjpg=01;35:*.mjpeg=01;35:*.gif=01;35:*.bmp=01;35:*.pbm=01;35:*.pgm=01;35:*.ppm=01;35:*.tga=01;35:*.xbm=01;35:*.xpm=01;35:*.tif=01;35:*.tiff=01;35:*.png=01;35:*.svg=01;35:*.svgz=01;35:*.mng=01;35:*.pcx=01;35:*.mov=01;35:*.mpg=01;35:*.mpeg=01;35:*.m2v=01;35:*.mkv=01;35:*.webm=01;35:*.webp=01;35:*.ogm=01;35:*.mp4=01;35:*.m4v=01;35:*.mp4v=01;35:*.vob=01;35:*.qt=01;35:*.nuv=01;35:*.wmv=01;35:*.asf=01;35:*.rm=01;35:*.rmvb=01;35:*.flc=01;35:*.avi=01;35:*.fli=01;35:*.flv=01;35:*.gl=01;35:*.dl=01;35:*.xcf=01;35:*.xwd=01;35:*.yuv=01;35:*.cgm=01;35:*.emf=01;35:*.ogv=01;35:*.ogx=01;35:*.aac=00;36:*.au=00;36:*.flac=00;36:*.m4a=00;36:*.mid=00;36:*.midi=00;36:*.mka=00;36:*.mp3=00;36:*.mpc=00;36:*.ogg=00;36:*.ra=00;36:*.wav=00;36:*.oga=00;36:*.opus=00;36:*.spx=00;36:*.xspf=00;36:'), ('VSCODE_GIT_IPC_HANDLE', '/run/user/1000/vscode-git-178de4e571.sock'), ('TERM_PROGRAM', 'vscode'), ('SSH_AGENT_LAUNCHER', 'gnome-keyring'), ('SSH_AUTH_SOCK', '/run/user/1000/keyring/ssh'), ('AMENT_PREFIX_PATH', '/home/danny/gz_bridge_ws/install/test_ros_gz_bridge:/home/danny/gz_bridge_ws/install/ros_ign_interfaces:/home/danny/gz_bridge_ws/install/ros_ign:/home/danny/gz_bridge_ws/install/ros_ign_image:/home/danny/gz_bridge_ws/install/ros_ign_gazebo_demos:/home/danny/gz_bridge_ws/install/ros_ign_gazebo:/home/danny/gz_bridge_ws/install/ros_ign_bridge:/home/danny/gz_bridge_ws/install/ros_gz:/home/danny/gz_bridge_ws/install/ros_gz_sim_demos:/home/danny/gz_bridge_ws/install/ros_gz_sim:/home/danny/gz_bridge_ws/install/ros_gz_image:/home/danny/gz_bridge_ws/install/ros_gz_bridge:/home/danny/gz_bridge_ws/install/ros_gz_interfaces:/opt/ros/humble'), ('ORIGINAL_XDG_CURRENT_DESKTOP', 'ubuntu:GNOME'), ('SHELL', '/bin/bash'), ('QT_ACCESSIBILITY', '1'), ('GDMSESSION', 'ubuntu'), ('LESSCLOSE', '/usr/bin/lesspipe %s %s'), ('IGN_GAZEBO_RESOURCE_PATH', '/home/danny/gz_bridge_ws/install/ros_gz_sim_demos/share'), ('GPG_AGENT_INFO', '/run/user/1000/gnupg/S.gpg-agent:0:1'), ('GJS_DEBUG_OUTPUT', 'stderr'), ('VSCODE_GIT_ASKPASS_EXTRA_ARGS', ''), ('QT_IM_MODULE', 'ibus'), ('PWD', '/home/danny/gz_ws/src/ardupilot_gazebo/build/ardupilot_gazebo'), ('LC_ALL', 'en_US.UTF-8'), ('XDG_CONFIG_DIRS', '/etc/xdg/xdg-ubuntu:/etc/xdg'), ('XDG_DATA_DIRS', '/usr/share/ubuntu:/usr/share/gnome:/usr/local/share/:/usr/share/:/var/lib/snapd/desktop'), ('PYTHONPATH', '/home/danny/gz_bridge_ws/install/ros_ign_interfaces/local/lib/python3.10/dist-packages:/home/danny/gz_bridge_ws/install/ros_gz_interfaces/local/lib/python3.10/dist-packages:/opt/ros/humble/lib/python3.10/site-packages:/opt/ros/humble/local/lib/python3.10/dist-packages'), ('COLCON', '1'), ('CMAKE_PREFIX_PATH', '/home/danny/gz_bridge_ws/install/test_ros_gz_bridge:/home/danny/gz_bridge_ws/install/ros_ign_interfaces:/home/danny/gz_bridge_ws/install/ros_ign:/home/danny/gz_bridge_ws/install/ros_ign_image:/home/danny/gz_bridge_ws/install/ros_ign_gazebo_demos:/home/danny/gz_bridge_ws/install/ros_ign_gazebo:/home/danny/gz_bridge_ws/install/ros_ign_bridge:/home/danny/gz_bridge_ws/install/ros_gz:/home/danny/gz_bridge_ws/install/ros_gz_sim_demos:/home/danny/gz_bridge_ws/install/ros_gz_sim:/home/danny/gz_bridge_ws/install/ros_gz_image:/home/danny/gz_bridge_ws/install/ros_gz_bridge:/home/danny/gz_bridge_ws/install/ros_gz_interfaces:/opt/ros/humble')]), 'shell': False}
[0.099515] (-) TimerEvent: {}
[0.200049] (-) TimerEvent: {}
[0.228210] (ardupilot_gazebo) StdoutLine: {'line': b'-- The C compiler identification is GNU 11.4.0\n'}
[0.300221] (-) TimerEvent: {}
[0.400638] (-) TimerEvent: {}
[0.437599] (ardupilot_gazebo) StdoutLine: {'line': b'-- The CXX compiler identification is GNU 11.4.0\n'}
[0.493295] (ardupilot_gazebo) StdoutLine: {'line': b'-- Detecting C compiler ABI info\n'}
[0.500772] (-) TimerEvent: {}
[0.601193] (-) TimerEvent: {}
[0.702066] (-) TimerEvent: {}
[0.702825] (ardupilot_gazebo) StdoutLine: {'line': b'-- Detecting C compiler ABI info - done\n'}
[0.718747] (ardupilot_gazebo) StdoutLine: {'line': b'-- Check for working C compiler: /usr/lib/ccache/cc - skipped\n'}
[0.719352] (ardupilot_gazebo) StdoutLine: {'line': b'-- Detecting C compile features\n'}
[0.735874] (ardupilot_gazebo) StdoutLine: {'line': b'-- Detecting C compile features - done\n'}
[0.742699] (ardupilot_gazebo) StdoutLine: {'line': b'-- Detecting CXX compiler ABI info\n'}
[0.802224] (-) TimerEvent: {}
[0.902838] (-) TimerEvent: {}
[0.941048] (ardupilot_gazebo) StdoutLine: {'line': b'-- Detecting CXX compiler ABI info - done\n'}
[0.956715] (ardupilot_gazebo) StdoutLine: {'line': b'-- Check for working CXX compiler: /usr/lib/ccache/c++ - skipped\n'}
[0.957581] (ardupilot_gazebo) StdoutLine: {'line': b'-- Detecting CXX compile features\n'}
[0.958656] (ardupilot_gazebo) StdoutLine: {'line': b'-- Detecting CXX compile features - done\n'}
[1.003144] (-) TimerEvent: {}
[1.103804] (-) TimerEvent: {}
[1.204160] (-) TimerEvent: {}
[1.304641] (-) TimerEvent: {}
[1.405075] (-) TimerEvent: {}
[1.489088] (ardupilot_gazebo) StdoutLine: {'line': b'-- Found Python3: /usr/bin/python3 (found version "3.10.12") found components: Interpreter \n'}
[1.505197] (-) TimerEvent: {}
[1.605627] (-) TimerEvent: {}
[1.705908] (-) TimerEvent: {}
[1.718615] (ardupilot_gazebo) StderrLine: {'line': b'\x1b[0mBuilding ardupilot_gazebo as an `ament_cmake` project.\x1b[0m\n'}
[1.806026] (-) TimerEvent: {}
[1.831502] (ardupilot_gazebo) StdoutLine: {'line': b'-- Looking for gz-common5 -- found version 5.6.0\n'}
[1.832811] (ardupilot_gazebo) StdoutLine: {'line': b'-- Searching for dependencies of gz-common5\n'}
[1.861614] (ardupilot_gazebo) StdoutLine: {'line': b'-- Looking for gz-utils2 -- found version 2.2.0\n'}
[1.862326] (ardupilot_gazebo) StdoutLine: {'line': b'-- Searching for dependencies of gz-utils2\n'}
[1.906155] (-) TimerEvent: {}
[1.939655] (ardupilot_gazebo) StdoutLine: {'line': b'-- Looking for dlfcn.h - found\n'}
[1.951817] (ardupilot_gazebo) StdoutLine: {'line': b'-- Looking for libdl - found\n'}
[1.954207] (ardupilot_gazebo) StdoutLine: {'line': b'-- Found DL: TRUE  \n'}
[1.966005] (ardupilot_gazebo) StdoutLine: {'line': b"-- Checking for module 'uuid'\n"}
[2.006281] (-) TimerEvent: {}
[2.056832] (ardupilot_gazebo) StdoutLine: {'line': b'--   Found uuid, version 2.37.2\n'}
[2.106420] (-) TimerEvent: {}
[2.123996] (ardupilot_gazebo) StdoutLine: {'line': b'-- Found UUID: TRUE  \n'}
[2.126587] (ardupilot_gazebo) StdoutLine: {'line': b'-- Looking for gz-common5 - found\n'}
[2.126880] (ardupilot_gazebo) StdoutLine: {'line': b'\n'}
[2.188287] (ardupilot_gazebo) StdoutLine: {'line': b'-- Looking for gz-rendering7 -- found version 7.4.2\n'}
[2.189058] (ardupilot_gazebo) StdoutLine: {'line': b'-- Searching for dependencies of gz-rendering7\n'}
[2.206593] (-) TimerEvent: {}
[2.232969] (ardupilot_gazebo) StdoutLine: {'line': b'-- Looking for gz-math7 -- found version 7.5.0\n'}
[2.233457] (ardupilot_gazebo) StdoutLine: {'line': b'-- Searching for dependencies of gz-math7\n'}
[2.233810] (ardupilot_gazebo) StdoutLine: {'line': b'-- Looking for gz-utils2 -- found version 2.2.0\n'}
[2.234480] (ardupilot_gazebo) StdoutLine: {'line': b'-- Searching for <gz-math7> component [eigen3]\n'}
[2.242589] (ardupilot_gazebo) StdoutLine: {'line': b'-- Looking for gz-math7-eigen3 -- found version 7.5.0\n'}
[2.243126] (ardupilot_gazebo) StdoutLine: {'line': b'-- Searching for dependencies of gz-math7-eigen3\n'}
[2.286643] (ardupilot_gazebo) StdoutLine: {'line': b'-- Looking for gz-common5 -- found version 5.6.0\n'}
[2.287320] (ardupilot_gazebo) StdoutLine: {'line': b'-- Searching for dependencies of gz-common5\n'}
[2.287853] (ardupilot_gazebo) StdoutLine: {'line': b'-- Looking for gz-utils2 -- found version 2.2.0\n'}
[2.288091] (ardupilot_gazebo) StdoutLine: {'line': b'-- Looking for dlfcn.h - found\n'}
[2.288258] (ardupilot_gazebo) StdoutLine: {'line': b'-- Looking for libdl - found\n'}
[2.300377] (ardupilot_gazebo) StdoutLine: {'line': b'-- Searching for <gz-common5> component [graphics]\n'}
[2.306669] (-) TimerEvent: {}
[2.343678] (ardupilot_gazebo) StdoutLine: {'line': b'-- Looking for gz-common5-graphics -- found version 5.6.0\n'}
[2.344759] (ardupilot_gazebo) StdoutLine: {'line': b'-- Searching for dependencies of gz-common5-graphics\n'}
[2.345184] (ardupilot_gazebo) StdoutLine: {'line': b'-- Looking for gz-math7 -- found version 7.5.0\n'}
[2.387486] (ardupilot_gazebo) StdoutLine: {'line': b'-- Found GzAssimp: TRUE (found version "5.2.0") \n'}
[2.389338] (ardupilot_gazebo) StdoutLine: {'line': b'-- Searching for <gz-common5> component [events]\n'}
[2.406794] (-) TimerEvent: {}
[2.416015] (ardupilot_gazebo) StdoutLine: {'line': b'-- Looking for gz-common5-events -- found version 5.6.0\n'}
[2.417134] (ardupilot_gazebo) StdoutLine: {'line': b'-- Searching for dependencies of gz-common5-events\n'}
[2.417914] (ardupilot_gazebo) StdoutLine: {'line': b'-- Looking for gz-math7 -- found version 7.5.0\n'}
[2.420991] (ardupilot_gazebo) StdoutLine: {'line': b'-- Searching for <gz-common5> component [geospatial]\n'}
[2.452981] (ardupilot_gazebo) StdoutLine: {'line': b'-- Looking for gz-common5-geospatial -- found version 5.6.0\n'}
[2.453744] (ardupilot_gazebo) StdoutLine: {'line': b'-- Searching for dependencies of gz-common5-geospatial\n'}
[2.454283] (ardupilot_gazebo) StdoutLine: {'line': b'-- Looking for gz-math7 -- found version 7.5.0\n'}
[2.455234] (ardupilot_gazebo) StdoutLine: {'line': b'-- Looking for gz-common5 -- found version 5.6.0\n'}
[2.472996] (ardupilot_gazebo) StdoutLine: {'line': b'-- Looking for gz-plugin2 -- found version 2.0.3\n'}
[2.474832] (ardupilot_gazebo) StdoutLine: {'line': b'-- Searching for dependencies of gz-plugin2\n'}
[2.476105] (ardupilot_gazebo) StdoutLine: {'line': b'-- Looking for gz-utils2 -- found version 2.2.0\n'}
[2.477323] (ardupilot_gazebo) StdoutLine: {'line': b'-- Searching for dependencies of gz-utils2\n'}
[2.477795] (ardupilot_gazebo) StdoutLine: {'line': b'-- Searching for <gz-utils2> component [cli]\n'}
[2.506893] (-) TimerEvent: {}
[2.507112] (ardupilot_gazebo) StdoutLine: {'line': b'-- Looking for gz-utils2-cli -- found version 2.2.0\n'}
[2.508023] (ardupilot_gazebo) StdoutLine: {'line': b'-- Searching for dependencies of gz-utils2-cli\n'}
[2.510528] (ardupilot_gazebo) StdoutLine: {'line': b'-- Searching for <gz-plugin2> component [all]\n'}
[2.519110] (ardupilot_gazebo) StdoutLine: {'line': b'-- Looking for all libraries of gz-plugin2 -- found version 2.0.3\n'}
[2.520439] (ardupilot_gazebo) StdoutLine: {'line': b'-- Looking for gz-plugin2 -- found version 2.0.3\n'}
[2.527024] (ardupilot_gazebo) StdoutLine: {'line': b'-- Looking for gz-plugin2-loader -- found version 2.0.3\n'}
[2.527661] (ardupilot_gazebo) StdoutLine: {'line': b'-- Searching for dependencies of gz-plugin2-loader\n'}
[2.559081] (ardupilot_gazebo) StdoutLine: {'line': b'-- Looking for gz-plugin2-register -- found version 2.0.3\n'}
[2.559784] (ardupilot_gazebo) StdoutLine: {'line': b'-- Searching for dependencies of gz-plugin2-register\n'}
[2.563056] (ardupilot_gazebo) StdoutLine: {'line': b'-- Looking for gz-utils2 -- found version 2.2.0\n'}
[2.606998] (-) TimerEvent: {}
[2.635785] (ardupilot_gazebo) StdoutLine: {'line': b'-- Found OpenGL: /usr/lib/x86_64-linux-gnu/libOpenGL.so  found components: OpenGL \n'}
[2.647447] (ardupilot_gazebo) StdoutLine: {'line': b'-- Looking for gz-rendering7 - found\n'}
[2.647645] (ardupilot_gazebo) StdoutLine: {'line': b'\n'}
[2.680031] (ardupilot_gazebo) StdoutLine: {'line': b'-- Looking for gz-sim7 -- found version 7.8.0\n'}
[2.681491] (ardupilot_gazebo) StdoutLine: {'line': b'-- Searching for dependencies of gz-sim7\n'}
[2.707156] (-) TimerEvent: {}
[2.724008] (ardupilot_gazebo) StdoutLine: {'line': b'-- Looking for sdformat13 -- found version 13.8.0\n'}
[2.724686] (ardupilot_gazebo) StdoutLine: {'line': b'-- Searching for dependencies of sdformat13\n'}
[2.754585] (ardupilot_gazebo) StdoutLine: {'line': b"-- Checking for module 'tinyxml2'\n"}
[2.807297] (-) TimerEvent: {}
[2.823873] (ardupilot_gazebo) StdoutLine: {'line': b'--   Found tinyxml2, version 9.0.0\n'}
[2.897539] (ardupilot_gazebo) StdoutLine: {'line': b'-- Looking for gz-math7 -- found version 7.5.0\n'}
[2.899126] (ardupilot_gazebo) StdoutLine: {'line': b'-- Looking for gz-utils2 -- found version 2.2.0\n'}
[2.902748] (ardupilot_gazebo) StdoutLine: {'line': b'-- Looking for gz-plugin2 -- found version 2.0.3\n'}
[2.907383] (-) TimerEvent: {}
[2.924116] (ardupilot_gazebo) StdoutLine: {'line': b'-- Looking for gz-transport12 -- found version 12.2.1\n'}
[2.925431] (ardupilot_gazebo) StdoutLine: {'line': b'-- Searching for dependencies of gz-transport12\n'}
[3.007536] (-) TimerEvent: {}
[3.107904] (-) TimerEvent: {}
[3.208325] (-) TimerEvent: {}
[3.308745] (-) TimerEvent: {}
[3.409085] (-) TimerEvent: {}
[3.509440] (-) TimerEvent: {}
[3.541562] (ardupilot_gazebo) StdoutLine: {'line': b'-- Found Protobuf: /usr/lib/x86_64-linux-gnu/libprotobuf.so (found version "3.12.4") \n'}
[3.581701] (ardupilot_gazebo) StdoutLine: {'line': b'-- Config-file not installed for ZeroMQ -- checking for pkg-config\n'}
[3.591022] (ardupilot_gazebo) StdoutLine: {'line': b"-- Checking for module 'libzmq >= 4'\n"}
[3.609542] (-) TimerEvent: {}
[3.699367] (ardupilot_gazebo) StdoutLine: {'line': b'--   Found libzmq , version 4.3.4\n'}
[3.709701] (-) TimerEvent: {}
[3.782463] (ardupilot_gazebo) StdoutLine: {'line': b'-- Found ZeroMQ: TRUE (Required is at least version "4") \n'}
[3.809207] (ardupilot_gazebo) StdoutLine: {'line': b'-- Looking for gz-utils2 -- found version 2.2.0\n'}
[3.809784] (-) TimerEvent: {}
[3.844711] (ardupilot_gazebo) StdoutLine: {'line': b'-- Looking for gz-msgs9 -- found version 9.5.0\n'}
[3.845939] (ardupilot_gazebo) StdoutLine: {'line': b'-- Searching for dependencies of gz-msgs9\n'}
[3.885068] (ardupilot_gazebo) StdoutLine: {'line': b'-- Looking for gz-math7 -- found version 7.5.0\n'}
[3.897668] (ardupilot_gazebo) StdoutLine: {'line': b'-- Searching for <gz-transport12> component [log]\n'}
[3.908933] (ardupilot_gazebo) StdoutLine: {'line': b'-- Looking for gz-transport12-log -- found version 12.2.1\n'}
[3.909874] (-) TimerEvent: {}
[3.910129] (ardupilot_gazebo) StdoutLine: {'line': b'-- Searching for dependencies of gz-transport12-log\n'}
[3.911143] (ardupilot_gazebo) StdoutLine: {'line': b'-- Searching for <gz-transport12> component [parameters]\n'}
[3.918881] (ardupilot_gazebo) StdoutLine: {'line': b'-- Looking for gz-transport12-parameters -- found version 12.2.1\n'}
[3.919950] (ardupilot_gazebo) StdoutLine: {'line': b'-- Searching for dependencies of gz-transport12-parameters\n'}
[3.922260] (ardupilot_gazebo) StdoutLine: {'line': b'-- Looking for gz-msgs9 -- found version 9.5.0\n'}
[3.922857] (ardupilot_gazebo) StdoutLine: {'line': b'-- Looking for gz-common5 -- found version 5.6.0\n'}
[3.924120] (ardupilot_gazebo) StdoutLine: {'line': b'-- Searching for dependencies of gz-common5\n'}
[3.924839] (ardupilot_gazebo) StdoutLine: {'line': b'-- Looking for gz-utils2 -- found version 2.2.0\n'}
[3.925123] (ardupilot_gazebo) StdoutLine: {'line': b'-- Looking for dlfcn.h - found\n'}
[3.925325] (ardupilot_gazebo) StdoutLine: {'line': b'-- Looking for libdl - found\n'}
[3.941356] (ardupilot_gazebo) StdoutLine: {'line': b'-- Searching for <gz-common5> component [profiler]\n'}
[3.956057] (ardupilot_gazebo) StdoutLine: {'line': b'-- Looking for gz-common5-profiler -- found version 5.6.0\n'}
[3.956916] (ardupilot_gazebo) StdoutLine: {'line': b'-- Searching for dependencies of gz-common5-profiler\n'}
[3.958296] (ardupilot_gazebo) StdoutLine: {'line': b'-- Searching for <gz-common5> component [events]\n'}
[3.959309] (ardupilot_gazebo) StdoutLine: {'line': b'-- Searching for <gz-common5> component [av]\n'}
[4.010043] (-) TimerEvent: {}
[4.059869] (ardupilot_gazebo) StdoutLine: {'line': b'-- Looking for gz-common5-av -- found version 5.6.0\n'}
[4.060885] (ardupilot_gazebo) StdoutLine: {'line': b'-- Searching for dependencies of gz-common5-av\n'}
[4.085202] (ardupilot_gazebo) StdoutLine: {'line': b"-- Checking for module 'libswscale'\n"}
[4.110254] (-) TimerEvent: {}
[4.134144] (ardupilot_gazebo) StdoutLine: {'line': b'--   Found libswscale, version 5.9.100\n'}
[4.209732] (ardupilot_gazebo) StdoutLine: {'line': b'-- Found SWSCALE: TRUE  \n'}
[4.210292] (-) TimerEvent: {}
[4.222137] (ardupilot_gazebo) StdoutLine: {'line': b"-- Checking for module 'libavdevice >= 56.4.100'\n"}
[4.293915] (ardupilot_gazebo) StdoutLine: {'line': b'--   Found libavdevice , version 58.13.100\n'}
[4.310463] (-) TimerEvent: {}
[4.378118] (ardupilot_gazebo) StdoutLine: {'line': b'-- Found AVDEVICE: TRUE (Required is at least version "56.4.100") \n'}
[4.389496] (ardupilot_gazebo) StdoutLine: {'line': b"-- Checking for module 'libavformat'\n"}
[4.410590] (-) TimerEvent: {}
[4.422725] (ardupilot_gazebo) StdoutLine: {'line': b'--   Found libavformat, version 58.76.100\n'}
[4.502917] (ardupilot_gazebo) StdoutLine: {'line': b'-- Found AVFORMAT: TRUE  \n'}
[4.510696] (-) TimerEvent: {}
[4.516424] (ardupilot_gazebo) StdoutLine: {'line': b"-- Checking for module 'libavcodec'\n"}
[4.542230] (ardupilot_gazebo) StdoutLine: {'line': b'--   Found libavcodec, version 58.134.100\n'}
[4.610806] (-) TimerEvent: {}
[4.617944] (ardupilot_gazebo) StdoutLine: {'line': b'-- Found AVCODEC: TRUE  \n'}
[4.630467] (ardupilot_gazebo) StdoutLine: {'line': b"-- Checking for module 'libavutil'\n"}
[4.658323] (ardupilot_gazebo) StdoutLine: {'line': b'--   Found libavutil, version 56.70.100\n'}
[4.710942] (-) TimerEvent: {}
[4.729300] (ardupilot_gazebo) StdoutLine: {'line': b'-- Found AVUTIL: TRUE  \n'}
[4.730907] (ardupilot_gazebo) StdoutLine: {'line': b'-- Searching for <gz-common5> component [io]\n'}
[4.758781] (ardupilot_gazebo) StdoutLine: {'line': b'-- Looking for gz-common5-io -- found version 5.6.0\n'}
[4.759864] (ardupilot_gazebo) StdoutLine: {'line': b'-- Searching for dependencies of gz-common5-io\n'}
[4.769221] (ardupilot_gazebo) CommandEnded: {'returncode': -2}
[4.811123] (-) TimerEvent: {}
[4.831914] (ardupilot_gazebo) StderrLine: {'line': b'Traceback (most recent call last):\n  File "/usr/lib/python3/dist-packages/colcon_parallel_executor/executor/parallel.py", line 75, in execute\n    loop.run_until_complete(future)\n  File "/usr/lib/python3.10/asyncio/base_events.py", line 636, in run_until_complete\n    self.run_forever()\n  File "/usr/lib/python3.10/asyncio/base_events.py", line 603, in run_forever\n    self._run_once()\n  File "/usr/lib/python3.10/asyncio/base_events.py", line 1871, in _run_once\n    event_list = self._selector.select(timeout)\n  File "/usr/lib/python3.10/selectors.py", line 469, in select\n    fd_event_list = self._selector.poll(timeout, max_ev)\nKeyboardInterrupt\n\nDuring handling of the above exception, another exception occurred:\n\nTraceback (most recent call last):\n  File "/usr/lib/python3/dist-packages/colcon_core/executor/__init__.py", line 91, in __call__\n    rc = await self.task(*args, **kwargs)\n  File "/usr/lib/python3/dist-packages/colcon_core/task/__init__.py", line 93, in __call__\n    return await task_method(*args, **kwargs)\n  File "/usr/lib/python3/dist-packages/colcon_ros/task/ament_cmake/build.py", line 59, in build\n    rc = await extension.build(\n  File "/usr/lib/python3/dist-packages/colcon_cmake/task/cmake/build.py", line 87, in build\n    rc = await self._reconfigure(args, env)\n  File "/usr/lib/python3/dist-packages/colcon_cmake/task/cmake/build.py", line 182, in _reconfigure\n    buildfile = get_buildfile(cmake_cache)\n  File "/usr/lib/python3/dist-packages/colcon_cmake/task/cmake/__init__.py", line 114, in get_buildfile\n    if \'Visual Studio\' in generator:\nTypeError: argument of type \'NoneType\' is not iterable\n'}
[4.832234] (ardupilot_gazebo) JobEnded: {'identifier': 'ardupilot_gazebo', 'rc': 'SIGINT'}
[4.842692] (-) EventReactorShutdown: {}
